<?xml version="1.0" encoding="UTF-8"?>
<testng-results ignored="0" total="1" passed="1" failed="0" skipped="0">
  <reporter-output>
  </reporter-output>
  <suite started-at="2023-10-07T22:03:34 EET" name="Default suite" finished-at="2023-10-07T22:03:49 EET" duration-ms="14933">
    <groups>
    </groups>
    <test started-at="2023-10-07T22:03:34 EET" name="Default test" finished-at="2023-10-07T22:03:49 EET" duration-ms="14933">
      <class name="SignupTest_Cases">
        <test-method is-config="true" signature="Setup()[pri:0, instance:SignupTest_Cases@73aff8f1]" started-at="2023-10-07T22:03:34 EET" name="Setup" finished-at="2023-10-07T22:03:42 EET" duration-ms="7892" status="PASS">
          <reporter-output>
          </reporter-output>
        </test-method> <!-- Setup -->
        <test-method signature="SignUp()[pri:0, instance:SignupTest_Cases@73aff8f1]" started-at="2023-10-07T22:03:42 EET" name="SignUp" finished-at="2023-10-07T22:03:49 EET" duration-ms="7012" status="PASS">
          <reporter-output>
          </reporter-output>
        </test-method> <!-- SignUp -->
        <test-method is-config="true" signature="PostTest()[pri:0, instance:SignupTest_Cases@73aff8f1]" started-at="2023-10-07T22:03:49 EET" name="PostTest" finished-at="2023-10-07T22:03:49 EET" duration-ms="1" status="PASS">
          <reporter-output>
          </reporter-output>
        </test-method> <!-- PostTest -->
      </class> <!-- SignupTest_Cases -->
    </test> <!-- Default test -->
  </suite> <!-- Default suite -->
</testng-results>
